2023-08-06 00:52:06.867454 - Initialized conversion of CBT100
2023-08-06 00:52:07.308823 - Received CBT.V505.FILE100.PDS from FILE100.XMI 
2023-08-06 00:52:07.311247 - Found $$$$DISC.txt (text/plain) in CBT.V505.FILE100.PDS, moved to PDS/$$$$DISC
2023-08-06 00:52:07.312382 - Found $$$#DATE.txt (text/plain) in CBT.V505.FILE100.PDS, moved to PDS/$$$#DATE
2023-08-06 00:52:07.313376 - Found $$$DOC.txt (text/plain) in CBT.V505.FILE100.PDS, moved to PDS/$$$DOC
2023-08-06 00:52:07.314399 - Found @FILE100.txt (text/plain) in CBT.V505.FILE100.PDS, moved to PDS/@FILE100
2023-08-06 00:52:07.315371 - Found ABRARCH1.txt (text/plain) in CBT.V505.FILE100.PDS, moved to PDS/ABRARCH1
2023-08-06 00:52:07.316284 - Found ABRARCH2.txt (text/plain) in CBT.V505.FILE100.PDS, moved to PDS/ABRARCH2
2023-08-06 00:52:07.317186 - Found ABRARCH3.txt (text/plain) in CBT.V505.FILE100.PDS, moved to PDS/ABRARCH3
2023-08-06 00:52:07.318149 - Found ABRARCH4.txt (text/plain) in CBT.V505.FILE100.PDS, moved to PDS/ABRARCH4
2023-08-06 00:52:07.319184 - Found ABRARCH5.txt (text/plain) in CBT.V505.FILE100.PDS, moved to PDS/ABRARCH5
2023-08-06 00:52:07.320112 - Found ABRARCH6.txt (text/plain) in CBT.V505.FILE100.PDS, moved to PDS/ABRARCH6
2023-08-06 00:52:07.321063 - Found ABRBKUP1.txt (text/plain) in CBT.V505.FILE100.PDS, moved to PDS/ABRBKUP1
2023-08-06 00:52:07.322004 - Found ABRBKUP2.txt (text/plain) in CBT.V505.FILE100.PDS, moved to PDS/ABRBKUP2
2023-08-06 00:52:07.323016 - Found ABRBKUP3.txt (text/plain) in CBT.V505.FILE100.PDS, moved to PDS/ABRBKUP3
2023-08-06 00:52:07.323978 - Found ABRBKUP4.txt (text/plain) in CBT.V505.FILE100.PDS, moved to PDS/ABRBKUP4
2023-08-06 00:52:07.324914 - Found ABRRPT1.txt (text/plain) in CBT.V505.FILE100.PDS, moved to PDS/ABRRPT1
2023-08-06 00:52:07.325894 - Found ABRRPT2.txt (text/plain) in CBT.V505.FILE100.PDS, moved to PDS/ABRRPT2
2023-08-06 00:52:07.326877 - Found ABRRPT3.txt (text/plain) in CBT.V505.FILE100.PDS, moved to PDS/ABRRPT3
2023-08-06 00:52:07.327852 - Found ABRRPT4.txt (text/plain) in CBT.V505.FILE100.PDS, moved to PDS/ABRRPT4
2023-08-06 00:52:07.328846 - Found ABRRPT5.txt (text/plain) in CBT.V505.FILE100.PDS, moved to PDS/ABRRPT5
2023-08-06 00:52:07.329802 - Found ABRRPT6.txt (text/plain) in CBT.V505.FILE100.PDS, moved to PDS/ABRRPT6
2023-08-06 00:52:07.330837 - Found ABRSEL.txt (text/plain) in CBT.V505.FILE100.PDS, moved to PDS/ABRSEL
2023-08-06 00:52:07.331798 - Found ABRSELA.txt (text/plain) in CBT.V505.FILE100.PDS, moved to PDS/ABRSELA
2023-08-06 00:52:07.332702 - Found ABRSELB.txt (text/plain) in CBT.V505.FILE100.PDS, moved to PDS/ABRSELB
2023-08-06 00:52:07.333590 - Found ABRSELP.txt (text/plain) in CBT.V505.FILE100.PDS, moved to PDS/ABRSELP
2023-08-06 00:52:07.334551 - Found ABR00.txt (text/plain) in CBT.V505.FILE100.PDS, moved to PDS/ABR00
2023-08-06 00:52:07.335435 - Found COBOL2.txt (text/plain) in CBT.V505.FILE100.PDS, moved to PDS/COBOL2
2023-08-06 00:52:07.336284 - Found COBOL2B.txt (text/plain) in CBT.V505.FILE100.PDS, moved to PDS/COBOL2B
2023-08-06 00:52:07.337111 - Found GENER1.txt (text/plain) in CBT.V505.FILE100.PDS, moved to PDS/GENER1
2023-08-06 00:52:07.337971 - Found INFOMGT1.txt (text/plain) in CBT.V505.FILE100.PDS, moved to PDS/INFOMGT1
2023-08-06 00:52:07.338944 - Found INFOSEL.txt (text/plain) in CBT.V505.FILE100.PDS, moved to PDS/INFOSEL
2023-08-06 00:52:07.339776 - Found ISR@PRIM.txt (text/plain) in CBT.V505.FILE100.PDS, moved to PDS/ISR@PRIM
2023-08-06 00:52:07.340632 - Found LINK3.txt (text/plain) in CBT.V505.FILE100.PDS, moved to PDS/LINK3
2023-08-06 00:52:07.341511 - Found LINK3B.txt (text/plain) in CBT.V505.FILE100.PDS, moved to PDS/LINK3B
2023-08-06 00:52:07.342523 - Found PLTCMPR1.txt (text/plain) in CBT.V505.FILE100.PDS, moved to PDS/PLTCMPR1
2023-08-06 00:52:07.343477 - Found PLTCM00.txt (text/plain) in CBT.V505.FILE100.PDS, moved to PDS/PLTCM00
2023-08-06 00:52:07.344382 - Found PSWDSEL.txt (text/plain) in CBT.V505.FILE100.PDS, moved to PDS/PSWDSEL
2023-08-06 00:52:07.345314 - Found PWADD.txt (text/plain) in CBT.V505.FILE100.PDS, moved to PDS/PWADD
2023-08-06 00:52:07.346184 - Found PWCHNG.txt (text/plain) in CBT.V505.FILE100.PDS, moved to PDS/PWCHNG
2023-08-06 00:52:07.347070 - Found PWDEL.txt (text/plain) in CBT.V505.FILE100.PDS, moved to PDS/PWDEL
2023-08-06 00:52:07.347934 - Found SASM00.txt (text/plain) in CBT.V505.FILE100.PDS, moved to PDS/SASM00
2023-08-06 00:52:07.348833 - Found S1ASM1.txt (text/plain) in CBT.V505.FILE100.PDS, moved to PDS/S1ASM1
2023-08-06 00:52:07.349820 - Found S1ASM1B.txt (text/plain) in CBT.V505.FILE100.PDS, moved to PDS/S1ASM1B
2023-08-06 00:52:07.350720 - Found S1ASM1BB.txt (text/plain) in CBT.V505.FILE100.PDS, moved to PDS/S1ASM1BB
2023-08-06 00:52:07.351580 - Found S1OBJ1.txt (text/plain) in CBT.V505.FILE100.PDS, moved to PDS/S1OBJ1
2023-08-06 00:52:07.352470 - Found TABRARCA.txt (text/plain) in CBT.V505.FILE100.PDS, moved to PDS/TABRARCA
2023-08-06 00:52:07.353455 - Found TABRARCB.txt (text/plain) in CBT.V505.FILE100.PDS, moved to PDS/TABRARCB
2023-08-06 00:52:07.354455 - Found TABRARCC.txt (text/plain) in CBT.V505.FILE100.PDS, moved to PDS/TABRARCC
2023-08-06 00:52:07.355346 - Found TABRARCD.txt (text/plain) in CBT.V505.FILE100.PDS, moved to PDS/TABRARCD
2023-08-06 00:52:07.356236 - Found TABRARC1.txt (text/plain) in CBT.V505.FILE100.PDS, moved to PDS/TABRARC1
2023-08-06 00:52:07.357132 - Found TABRARC2.txt (text/plain) in CBT.V505.FILE100.PDS, moved to PDS/TABRARC2
2023-08-06 00:52:07.357978 - Found TABRARC3.txt (text/plain) in CBT.V505.FILE100.PDS, moved to PDS/TABRARC3
2023-08-06 00:52:07.358871 - Found TABRARC4.txt (text/plain) in CBT.V505.FILE100.PDS, moved to PDS/TABRARC4
2023-08-06 00:52:07.359797 - Found TABRARC5.txt (text/plain) in CBT.V505.FILE100.PDS, moved to PDS/TABRARC5
2023-08-06 00:52:07.360698 - Found TABRARC6.txt (text/plain) in CBT.V505.FILE100.PDS, moved to PDS/TABRARC6
2023-08-06 00:52:07.361597 - Found TABRARC7.txt (text/plain) in CBT.V505.FILE100.PDS, moved to PDS/TABRARC7
2023-08-06 00:52:07.362621 - Found TABRARC8.txt (text/plain) in CBT.V505.FILE100.PDS, moved to PDS/TABRARC8
2023-08-06 00:52:07.363642 - Found TABRBKUA.txt (text/plain) in CBT.V505.FILE100.PDS, moved to PDS/TABRBKUA
2023-08-06 00:52:07.364555 - Found TABRBKUB.txt (text/plain) in CBT.V505.FILE100.PDS, moved to PDS/TABRBKUB
2023-08-06 00:52:07.365501 - Found TABRBKUC.txt (text/plain) in CBT.V505.FILE100.PDS, moved to PDS/TABRBKUC
2023-08-06 00:52:07.366380 - Found TABRBKU1.txt (text/plain) in CBT.V505.FILE100.PDS, moved to PDS/TABRBKU1
2023-08-06 00:52:07.367194 - Found TABRBKU2.txt (text/plain) in CBT.V505.FILE100.PDS, moved to PDS/TABRBKU2
2023-08-06 00:52:07.368028 - Found TABRBKU3.txt (text/plain) in CBT.V505.FILE100.PDS, moved to PDS/TABRBKU3
2023-08-06 00:52:07.368870 - Found TABRBKU4.txt (text/plain) in CBT.V505.FILE100.PDS, moved to PDS/TABRBKU4
2023-08-06 00:52:07.369842 - Found TABRBKU5.txt (text/plain) in CBT.V505.FILE100.PDS, moved to PDS/TABRBKU5
2023-08-06 00:52:07.370841 - Found TABRBKU6.txt (text/plain) in CBT.V505.FILE100.PDS, moved to PDS/TABRBKU6
2023-08-06 00:52:07.371861 - Found TABRBKU7.txt (text/plain) in CBT.V505.FILE100.PDS, moved to PDS/TABRBKU7
2023-08-06 00:52:07.372824 - Found TABRRPTA.txt (text/plain) in CBT.V505.FILE100.PDS, moved to PDS/TABRRPTA
2023-08-06 00:52:07.373746 - Found TABRRPTB.txt (text/plain) in CBT.V505.FILE100.PDS, moved to PDS/TABRRPTB
2023-08-06 00:52:07.374738 - Found TABRRPTC.txt (text/plain) in CBT.V505.FILE100.PDS, moved to PDS/TABRRPTC
2023-08-06 00:52:07.375746 - Found TABRRPTD.txt (text/plain) in CBT.V505.FILE100.PDS, moved to PDS/TABRRPTD
2023-08-06 00:52:07.376790 - Found TABRRPT1.txt (text/plain) in CBT.V505.FILE100.PDS, moved to PDS/TABRRPT1
2023-08-06 00:52:07.377773 - Found TABRRPT2.txt (text/plain) in CBT.V505.FILE100.PDS, moved to PDS/TABRRPT2
2023-08-06 00:52:07.378711 - Found TABRRPT3.txt (text/plain) in CBT.V505.FILE100.PDS, moved to PDS/TABRRPT3
2023-08-06 00:52:07.379651 - Found TABRRPT4.txt (text/plain) in CBT.V505.FILE100.PDS, moved to PDS/TABRRPT4
2023-08-06 00:52:07.380723 - Found TABRRPT5.txt (text/plain) in CBT.V505.FILE100.PDS, moved to PDS/TABRRPT5
2023-08-06 00:52:07.381692 - Found TABRRPT6.txt (text/plain) in CBT.V505.FILE100.PDS, moved to PDS/TABRRPT6
2023-08-06 00:52:07.382685 - Found TABRRPT7.txt (text/plain) in CBT.V505.FILE100.PDS, moved to PDS/TABRRPT7
2023-08-06 00:52:07.383577 - Found TABRRPT8.txt (text/plain) in CBT.V505.FILE100.PDS, moved to PDS/TABRRPT8
2023-08-06 00:52:07.384461 - Found TABRRPT9.txt (text/plain) in CBT.V505.FILE100.PDS, moved to PDS/TABRRPT9
2023-08-06 00:52:07.385431 - Found TPLTCMP1.txt (text/plain) in CBT.V505.FILE100.PDS, moved to PDS/TPLTCMP1
2023-08-06 00:52:07.386383 - Found TPLTCMP2.txt (text/plain) in CBT.V505.FILE100.PDS, moved to PDS/TPLTCMP2
2023-08-06 00:52:07.387271 - Found TS1ASM1.txt (text/plain) in CBT.V505.FILE100.PDS, moved to PDS/TS1ASM1
2023-08-06 00:52:07.388159 - Found TVTOCK.txt (text/plain) in CBT.V505.FILE100.PDS, moved to PDS/TVTOCK
2023-08-06 00:52:07.389075 - Found TVTOCK1.txt (text/plain) in CBT.V505.FILE100.PDS, moved to PDS/TVTOCK1
2023-08-06 00:52:07.390018 - Found TVTOCK2.txt (text/plain) in CBT.V505.FILE100.PDS, moved to PDS/TVTOCK2
2023-08-06 00:52:07.391020 - Found TVTOCK3.txt (text/plain) in CBT.V505.FILE100.PDS, moved to PDS/TVTOCK3
2023-08-06 00:52:07.391982 - Found TVTOCO.txt (text/plain) in CBT.V505.FILE100.PDS, moved to PDS/TVTOCO
2023-08-06 00:52:07.393009 - Found TVTOC1.txt (text/plain) in CBT.V505.FILE100.PDS, moved to PDS/TVTOC1
2023-08-06 00:52:07.393969 - Found TVTOC2.txt (text/plain) in CBT.V505.FILE100.PDS, moved to PDS/TVTOC2
2023-08-06 00:52:07.394868 - Found TVTOC3.txt (text/plain) in CBT.V505.FILE100.PDS, moved to PDS/TVTOC3
2023-08-06 00:52:07.395756 - Found USERSEL.txt (text/plain) in CBT.V505.FILE100.PDS, moved to PDS/USERSEL
2023-08-06 00:52:07.396671 - Found USERSELB.txt (text/plain) in CBT.V505.FILE100.PDS, moved to PDS/USERSELB
2023-08-06 00:52:07.397689 - Found USERVTOC.txt (text/plain) in CBT.V505.FILE100.PDS, moved to PDS/USERVTOC
2023-08-06 00:52:07.398632 - Found VTOC00.txt (text/plain) in CBT.V505.FILE100.PDS, moved to PDS/VTOC00
